[WARN] [2020-06-15 18:04:04][ssm9.Log4JTest]这是warn
[ERROR] [2020-06-15 18:04:04][ssm9.Log4JTest]这是error
[FATAL] [2020-06-15 18:04:04][ssm9.Log4JTest]这是fatal
[WARN] [2020-06-15 18:13:52][ssm9.Log4JTest]这是warn
[ERROR] [2020-06-15 18:13:52][ssm9.Log4JTest]这是error
[FATAL] [2020-06-15 18:13:52][ssm9.Log4JTest]这是fatal
[WARN] [2020-06-15 18:26:05][ssm9.Log4JTest]这是warn
[ERROR] [2020-06-15 18:26:05][ssm9.Log4JTest]这是error
[FATAL] [2020-06-15 18:26:05][ssm9.Log4JTest]这是fatal
[WARN] [2020-06-15 18:26:41][ssm9.Log4JTest]这是warn
[ERROR] [2020-06-15 18:26:41][ssm9.Log4JTest]这是error
[FATAL] [2020-06-15 18:26:41][ssm9.Log4JTest]这是fatal
[WARN] [2020-06-15 18:29:23][ssm9.Log4JTest]这是warn
[ERROR] [2020-06-15 18:29:23][ssm9.Log4JTest]这是error
[FATAL] [2020-06-15 18:29:23][ssm9.Log4JTest]这是fatal
[DEBUG] [2020-06-15 18:29:58][ssm9.Log4JTest]这是debug
[INFO] [2020-06-15 18:29:58][ssm9.Log4JTest]这是info
[WARN] [2020-06-15 18:29:58][ssm9.Log4JTest]这是warn
[ERROR] [2020-06-15 18:29:58][ssm9.Log4JTest]这是error
[FATAL] [2020-06-15 18:29:58][ssm9.Log4JTest]这是fatal
